Copyright 1986-2022 Xilinx, Inc. All Rights Reserved. Copyright 2022-2025 Advanced Micro Devices, Inc. All Rights Reserved.
---------------------------------------------------------------------------------------------------------------------------------------------
| Tool Version : Vivado v.2025.2 (lin64) Build 6299465 Fri Nov 14 12:34:56 MST 2025
| Date         : Mon Jan  5 18:34:19 2026
| Host         : pdudley-msi-laptop running 64-bit Ubuntu 22.04.5 LTS
| Command      : report_utilization -file ./results/utilization.rpt
| Design       : top
| Device       : xczu1cg-sbva484-1-e
| Speed File   : -1
| Design State : Routed
---------------------------------------------------------------------------------------------------------------------------------------------

Utilization Design Information

Table of Contents
-----------------
1. CLB Logic
1.1 Summary of Registers by Type
2. CLB Logic Distribution
3. BLOCKRAM
4. ARITHMETIC
5. I/O
6. CLOCK
7. ADVANCED
8. CONFIGURATION
9. Primitives
10. Black Boxes
11. Instantiated Netlists

1. CLB Logic
------------

+----------------------------+------+-------+------------+-----------+-------+
|          Site Type         | Used | Fixed | Prohibited | Available | Util% |
+----------------------------+------+-------+------------+-----------+-------+
| CLB LUTs                   | 5886 |     0 |          0 |     37440 | 15.72 |
|   LUT as Logic             | 5322 |     0 |          0 |     37440 | 14.21 |
|   LUT as Memory            |  564 |     0 |          0 |     15840 |  3.56 |
|     LUT as Distributed RAM |  132 |     0 |            |           |       |
|     LUT as Shift Register  |  432 |     0 |            |           |       |
| CLB Registers              | 7980 |     0 |          0 |     74880 | 10.66 |
|   Register as Flip Flop    | 7980 |     0 |          0 |     74880 | 10.66 |
|   Register as Latch        |    0 |     0 |          0 |     74880 |  0.00 |
| CARRY8                     |  124 |     0 |          0 |      4680 |  2.65 |
| F7 Muxes                   |  117 |     0 |          0 |     18720 |  0.63 |
| F8 Muxes                   |    2 |     0 |          0 |      9360 |  0.02 |
| F9 Muxes                   |    0 |     0 |          0 |      4680 |  0.00 |
| Unique Control Sets        |  499 |       |          0 |      9360 |  5.33 |
+----------------------------+------+-------+------------+-----------+-------+
* Warning! LUT value is adjusted to account for LUT combining.
** Note: Available Control Sets calculated as Slices * 2, Review the Control Sets Report for more information regarding control sets.


1.1 Summary of Registers by Type
--------------------------------

+-------+--------------+-------------+--------------+
| Total | Clock Enable | Synchronous | Asynchronous |
+-------+--------------+-------------+--------------+
| 0     |            _ |           - |            - |
| 0     |            _ |           - |          Set |
| 0     |            _ |           - |        Reset |
| 0     |            _ |         Set |            - |
| 0     |            _ |       Reset |            - |
| 0     |          Yes |           - |            - |
| 41    |          Yes |           - |          Set |
| 184   |          Yes |           - |        Reset |
| 122   |          Yes |         Set |            - |
| 7633  |          Yes |       Reset |            - |
+-------+--------------+-------------+--------------+


2. CLB Logic Distribution
-------------------------

+--------------------------------------------+------+-------+------------+-----------+-------+
|                  Site Type                 | Used | Fixed | Prohibited | Available | Util% |
+--------------------------------------------+------+-------+------------+-----------+-------+
| CLB                                        | 1355 |     0 |          0 |      4680 | 28.95 |
|   CLBL                                     |  788 |     0 |            |           |       |
|   CLBM                                     |  567 |     0 |            |           |       |
| LUT as Logic                               | 5322 |     0 |          0 |     37440 | 14.21 |
|   using O5 output only                     |  151 |       |            |           |       |
|   using O6 output only                     | 3914 |       |            |           |       |
|   using O5 and O6                          | 1257 |       |            |           |       |
| LUT as Memory                              |  564 |     0 |          0 |     15840 |  3.56 |
|   LUT as Distributed RAM                   |  132 |     0 |            |           |       |
|     using O5 output only                   |    0 |       |            |           |       |
|     using O6 output only                   |  112 |       |            |           |       |
|     using O5 and O6                        |   20 |       |            |           |       |
|   LUT as Shift Register                    |  432 |     0 |            |           |       |
|     using O5 output only                   |    0 |       |            |           |       |
|     using O6 output only                   |  188 |       |            |           |       |
|     using O5 and O6                        |  244 |       |            |           |       |
| CLB Registers                              | 7980 |     0 |          0 |     74880 | 10.66 |
|   Register driven from within the CLB      | 3798 |       |            |           |       |
|   Register driven from outside the CLB     | 4182 |       |            |           |       |
|     LUT in front of the register is unused | 2814 |       |            |           |       |
|     LUT in front of the register is used   | 1368 |       |            |           |       |
+--------------------------------------------+------+-------+------------+-----------+-------+


3. BLOCKRAM
-----------

+-------------------+------+-------+------------+-----------+-------+
|     Site Type     | Used | Fixed | Prohibited | Available | Util% |
+-------------------+------+-------+------------+-----------+-------+
| Block RAM Tile    |  2.5 |     0 |          0 |       108 |  2.31 |
|   RAMB36/FIFO*    |    2 |     0 |          0 |       108 |  1.85 |
|     RAMB36E2 only |    2 |       |            |           |       |
|   RAMB18          |    1 |     0 |          0 |       216 |  0.46 |
|     RAMB18E2 only |    1 |       |            |           |       |
+-------------------+------+-------+------------+-----------+-------+
* Note: Each Block RAM Tile only has one FIFO logic available and therefore can accommodate only one FIFO36E2 or one FIFO18E2. However, if a FIFO18E2 occupies a Block RAM Tile, that tile can still accommodate a RAMB18E2


4. ARITHMETIC
-------------

+-----------+------+-------+------------+-----------+-------+
| Site Type | Used | Fixed | Prohibited | Available | Util% |
+-----------+------+-------+------------+-----------+-------+
| DSPs      |    0 |     0 |          0 |       216 |  0.00 |
+-----------+------+-------+------------+-----------+-------+


5. I/O
------

+------------------+------+-------+------------+-----------+-------+
|     Site Type    | Used | Fixed | Prohibited | Available | Util% |
+------------------+------+-------+------------+-----------+-------+
| Bonded IOB       |   32 |    32 |          0 |        82 | 39.02 |
|   HPIOB_M        |   10 |    10 |          0 |        26 | 38.46 |
|     INPUT        |    5 |       |            |           |       |
|     OUTPUT       |    5 |       |            |           |       |
|     BIDIR        |    0 |       |            |           |       |
|   HPIOB_S        |   10 |    10 |          0 |        26 | 38.46 |
|     INPUT        |    5 |       |            |           |       |
|     OUTPUT       |    5 |       |            |           |       |
|     BIDIR        |    0 |       |            |           |       |
|   HDIOB_M        |    4 |     4 |          0 |        12 | 33.33 |
|     INPUT        |    0 |       |            |           |       |
|     OUTPUT       |    1 |       |            |           |       |
|     BIDIR        |    3 |       |            |           |       |
|   HDIOB_S        |    5 |     5 |          0 |        12 | 41.67 |
|     INPUT        |    0 |       |            |           |       |
|     OUTPUT       |    2 |       |            |           |       |
|     BIDIR        |    3 |       |            |           |       |
|   HPIOB_SNGL     |    3 |     3 |          0 |         6 | 50.00 |
|     INPUT        |    0 |       |            |           |       |
|     OUTPUT       |    3 |       |            |           |       |
|     BIDIR        |    0 |       |            |           |       |
| HPIOBDIFFINBUF   |    5 |     5 |          0 |        72 |  6.94 |
|   DIFFINBUF      |    5 |     5 |            |           |       |
| HPIOBDIFFOUTBUF  |    5 |     5 |          0 |        72 |  6.94 |
|   OBUFDS         |    5 |     5 |            |           |       |
| HDIOBDIFFINBUF   |    0 |     0 |          0 |        12 |  0.00 |
| BITSLICE_CONTROL |    0 |     0 |          0 |        24 |  0.00 |
| BITSLICE_RX_TX   |    9 |     9 |          0 |       936 |  0.96 |
|   ISERDES        |    4 |     4 |            |           |       |
|   OSERDES        |    5 |     5 |            |           |       |
| BITSLICE_TX      |    0 |     0 |          0 |        24 |  0.00 |
| RIU_OR           |    0 |     0 |          0 |        12 |  0.00 |
+------------------+------+-------+------------+-----------+-------+


6. CLOCK
--------

+------------+------+-------+------------+-----------+-------+
|  Site Type | Used | Fixed | Prohibited | Available | Util% |
+------------+------+-------+------------+-----------+-------+
| BUFGCE     |    6 |     0 |          0 |        76 |  7.89 |
| BUFGCE_DIV |    0 |     0 |          0 |        12 |  0.00 |
| BUFG_PS    |    1 |     0 |          0 |        72 |  1.39 |
| BUFGCTRL*  |    0 |     0 |          0 |        24 |  0.00 |
| PLL        |    0 |     0 |          0 |         6 |  0.00 |
| MMCM       |    2 |     0 |          0 |         3 | 66.67 |
+------------+------+-------+------------+-----------+-------+
* Note: Each used BUFGCTRL counts as two GLOBAL CLOCK BUFFERs. This table does not include global clocking resources, only buffer cell usage. See the Clock Utilization Report (report_clock_utilization) for detailed accounting of global clocking resource availability.


7. ADVANCED
-----------

+-----------+------+-------+------------+-----------+--------+
| Site Type | Used | Fixed | Prohibited | Available |  Util% |
+-----------+------+-------+------------+-----------+--------+
| PS8       |    1 |     0 |          0 |         1 | 100.00 |
| SYSMONE4  |    0 |     0 |          0 |         1 |   0.00 |
+-----------+------+-------+------------+-----------+--------+


8. CONFIGURATION
----------------

+-------------+------+-------+------------+-----------+-------+
|  Site Type  | Used | Fixed | Prohibited | Available | Util% |
+-------------+------+-------+------------+-----------+-------+
| BSCANE2     |    1 |     0 |          0 |         4 | 25.00 |
| DNA_PORTE2  |    0 |     0 |          0 |         1 |  0.00 |
| EFUSE_USR   |    0 |     0 |          0 |         1 |  0.00 |
| FRAME_ECCE4 |    0 |     0 |          0 |         1 |  0.00 |
| ICAPE3      |    0 |     0 |          0 |         2 |  0.00 |
| MASTER_JTAG |    0 |     0 |          0 |         1 |  0.00 |
| STARTUPE3   |    0 |     0 |          0 |         1 |  0.00 |
+-------------+------+-------+------------+-----------+-------+


9. Primitives
-------------

+------------+------+---------------------+
|  Ref Name  | Used | Functional Category |
+------------+------+---------------------+
| FDRE       | 7633 |            Register |
| LUT6       | 2097 |                 CLB |
| LUT4       | 1597 |                 CLB |
| LUT3       | 1278 |                 CLB |
| LUT5       |  837 |                 CLB |
| LUT2       |  635 |                 CLB |
| SRL16E     |  345 |                 CLB |
| SRLC32E    |  329 |                 CLB |
| FDCE       |  184 |            Register |
| LUT1       |  135 |                 CLB |
| CARRY8     |  124 |                 CLB |
| FDSE       |  122 |            Register |
| MUXF7      |  117 |                 CLB |
| RAMD64E    |  112 |                 CLB |
| FDPE       |   41 |            Register |
| RAMD32     |   36 |                 CLB |
| IBUFCTRL   |   11 |              Others |
| OBUFT      |    6 |                 I/O |
| OBUF       |    6 |                 I/O |
| INBUF      |    6 |                 I/O |
| BUFGCE     |    6 |               Clock |
| OSERDESE3  |    5 |                 I/O |
| OBUFDS     |    5 |                 I/O |
| DIFFINBUF  |    5 |                 I/O |
| RAMS32     |    4 |                 CLB |
| ISERDESE3  |    4 |                 I/O |
| SRLC16E    |    2 |                 CLB |
| RAMB36E2   |    2 |            BLOCKRAM |
| MUXF8      |    2 |                 CLB |
| MMCME4_ADV |    2 |               Clock |
| RAMB18E2   |    1 |            BLOCKRAM |
| PS8        |    1 |            Advanced |
| BUFG_PS    |    1 |               Clock |
| BSCANE2    |    1 |       Configuration |
+------------+------+---------------------+


10. Black Boxes
---------------

+----------+------+
| Ref Name | Used |
+----------+------+


11. Instantiated Netlists
-------------------------

+----------+------+
| Ref Name | Used |
+----------+------+
| zmod_ila |    1 |
| dbg_hub  |    1 |
+----------+------+


